<?xml version="1.0" encoding="UTF-8"?>
<!-- Generated by org.testng.reporters.JUnitReportReporter -->
<testsuite hostname="DESKTOP-4F545DN" failures="0" tests="5" name="com.employeeapi.TestCase.TC005_DeleteSingle_EmployeeData" time="0.017" errors="0" timestamp="2022-05-26T12:00:11 IST" skipped="0">
  <testcase classname="com.employeeapi.TestCase.TC005_DeleteSingle_EmployeeData" name="checkStatusLine" time="0.002"/>
  <system-out/>
  <testcase classname="com.employeeapi.TestCase.TC005_DeleteSingle_EmployeeData" name="checkStatusCode" time="0.003"/>
  <system-out/>
  <testcase classname="com.employeeapi.TestCase.TC005_DeleteSingle_EmployeeData" name="checkServer" time="0.001"/>
  <system-out/>
  <testcase classname="com.employeeapi.TestCase.TC005_DeleteSingle_EmployeeData" name="checkResponseBody" time="0.007"/>
  <system-out/>
  <testcase classname="com.employeeapi.TestCase.TC005_DeleteSingle_EmployeeData" name="checkContentEncoding" time="0.004"/>
  <system-out/>
</testsuite> <!-- com.employeeapi.TestCase.TC005_DeleteSingle_EmployeeData -->
