<?xml version="1.0" encoding="UTF-8"?>
<!-- Generated by org.testng.reporters.JUnitReportReporter -->
<testsuite hostname="DESKTOP-4F545DN" failures="0" tests="6" name="com.employeeapi.TestCase.TC001_Get_All_EmployeeData" time="0.082" errors="0" timestamp="2022-05-26T12:00:11 IST" skipped="0">
  <testcase classname="com.employeeapi.TestCase.TC001_Get_All_EmployeeData" name="checkResponseBody" time="0.044"/>
  <system-out/>
  <testcase classname="com.employeeapi.TestCase.TC001_Get_All_EmployeeData" name="checkContentType" time="0.003"/>
  <system-out/>
  <testcase classname="com.employeeapi.TestCase.TC001_Get_All_EmployeeData" name="checkServer" time="0.008"/>
  <system-out/>
  <testcase classname="com.employeeapi.TestCase.TC001_Get_All_EmployeeData" name="checkStatusLine" time="0.004"/>
  <system-out/>
  <testcase classname="com.employeeapi.TestCase.TC001_Get_All_EmployeeData" name="checkStatusCode" time="0.004"/>
  <system-out/>
  <testcase classname="com.employeeapi.TestCase.TC001_Get_All_EmployeeData" name="checkContentEncoding" time="0.019"/>
  <system-out/>
</testsuite> <!-- com.employeeapi.TestCase.TC001_Get_All_EmployeeData -->
