<?xml version="1.0" encoding="UTF-8"?>
<!-- Generated by org.testng.reporters.JUnitReportReporter -->
<testsuite hostname="DESKTOP-4F545DN" failures="0" tests="6" name="com.employeeapi.TestCase.TC003_Post_CreateSingle_EmployeeData" time="0.026" errors="0" timestamp="2022-05-26T12:00:11 IST" skipped="0">
  <testcase classname="com.employeeapi.TestCase.TC003_Post_CreateSingle_EmployeeData" name="checkServer" time="0.006"/>
  <system-out/>
  <testcase classname="com.employeeapi.TestCase.TC003_Post_CreateSingle_EmployeeData" name="checkContentType" time="0.005"/>
  <system-out/>
  <testcase classname="com.employeeapi.TestCase.TC003_Post_CreateSingle_EmployeeData" name="checkContentEncoding" time="0.005"/>
  <system-out/>
  <testcase classname="com.employeeapi.TestCase.TC003_Post_CreateSingle_EmployeeData" name="checkResponseBody" time="0.008"/>
  <system-out/>
  <testcase classname="com.employeeapi.TestCase.TC003_Post_CreateSingle_EmployeeData" name="checkStatusLine" time="0.001"/>
  <system-out/>
  <testcase classname="com.employeeapi.TestCase.TC003_Post_CreateSingle_EmployeeData" name="checkStatusCode" time="0.001"/>
  <system-out/>
</testsuite> <!-- com.employeeapi.TestCase.TC003_Post_CreateSingle_EmployeeData -->
